<?xml version="1.0" encoding="UTF-8"?>
<!-- Generated by org.testng.reporters.JUnitXMLReporter -->
<testsuite ignored="0" hostname="DESKTOP-MD15R3S" failures="0" tests="0" name="Test" time="0.155" errors="0" timestamp="2024-01-05T23:38:00 IST">
  <testcase classname="io.cucumber.testng.AbstractTestNGCucumberTests" name="@BeforeClass setUpClass" time="0.096">
    <failure type="java.lang.IllegalArgumentException" message="classpath: features/ is not valid. Try &amp;lt;uri or path&amp;gt;/&amp;lt;name&amp;gt;.feature[:LINE]*">
      <![CDATA[java.lang.IllegalArgumentException: classpath: features/ is not valid. Try <uri or path>/<name>.feature[:LINE]*
at io.cucumber.core.feature.FeatureWithLines.parse(FeatureWithLines.java:46)
at io.cucumber.core.options.CucumberOptionsAnnotationParser.addFeatures(CucumberOptionsAnnotationParser.java:138)
at io.cucumber.core.options.CucumberOptionsAnnotationParser.parse(CucumberOptionsAnnotationParser.java:46)
at io.cucumber.testng.TestNGCucumberRunner.<init>(TestNGCucumberRunner.java:85)
at io.cucumber.testng.AbstractTestNGCucumberTests.setUpClass(AbstractTestNGCucumberTests.java:27)
at java.base/java.util.ArrayList.forEach(ArrayList.java:1511)
Caused by: java.lang.IllegalArgumentException: Illegal character in opaque part at index 10: classpath: features/
at java.base/java.net.URI.create(URI.java:906)
at io.cucumber.core.feature.FeaturePath.parseProbableURI(FeaturePath.java:90)
at io.cucumber.core.feature.FeaturePath.parse(FeaturePath.java:56)
at io.cucumber.core.feature.FeatureWithLines.parseFeaturePath(FeatureWithLines.java:62)
at io.cucumber.core.feature.FeatureWithLines.parse(FeatureWithLines.java:43)
... 30 more
Caused by: java.net.URISyntaxException: Illegal character in opaque part at index 10: classpath: features/
at java.base/java.net.URI$Parser.fail(URI.java:2976)
at java.base/java.net.URI$Parser.checkChars(URI.java:3147)
at java.base/java.net.URI$Parser.parse(URI.java:3183)
at java.base/java.net.URI.<init>(URI.java:623)
at java.base/java.net.URI.create(URI.java:904)
... 34 more
... Removed 25 stack frames]]>
    </failure>
  </testcase> <!-- @BeforeClass setUpClass -->
</testsuite> <!-- Test -->
